#
# There is insufficient memory for the Java Runtime Environment to continue.
# Native memory allocation (malloc) failed to allocate 1048576 bytes. Error detail: AllocateHeap
# Possible reasons:
#   The system is out of physical RAM or swap space
#   This process is running with CompressedOops enabled, and the Java Heap may be blocking the growth of the native heap
# Possible solutions:
#   Reduce memory load on the system
#   Increase physical memory or swap space
#   Check if swap backing store is full
#   Decrease Java heap size (-Xmx/-Xms)
#   Decrease number of Java threads
#   Decrease Java thread stack sizes (-Xss)
#   Set larger code cache with -XX:ReservedCodeCacheSize=
#   JVM is running with Unscaled Compressed Oops mode in which the Java heap is
#     placed in the first 4GB address space. The Java Heap base address is the
#     maximum limit for the native heap growth. Please use -XX:HeapBaseMinAddress
#     to set the Java Heap base and to place the Java Heap above 4GB virtual address.
# This output file may be truncated or incomplete.
#
#  Out of Memory Error (allocation.cpp:44), pid=40896, tid=28436
#
# JRE version:  (21.0.7+6) (build )
# Java VM: OpenJDK 64-Bit Server VM (21.0.7+6-b1038.58, mixed mode, sharing, tiered, compressed oops, compressed class ptrs, g1 gc, windows-amd64)
# No core dump will be written. Minidumps are not enabled by default on client versions of Windows
#

---------------  S U M M A R Y ------------

Command Line: git4idea.http.GitAskPassApp Username for 'https://github.com': 

Host: Intel(R) Core(TM) i7-10750H CPU @ 2.60GHz, 12 cores, 15G,  Windows 11 , 64 bit Build 26100 (10.0.26100.6725)
Time: Sun Nov  2 01:57:37 2025  Windows 11 , 64 bit Build 26100 (10.0.26100.6725) elapsed time: 0.123160 seconds (0d 0h 0m 0s)

---------------  T H R E A D  ---------------

Current thread (0x000001f3d845f950):  JavaThread "Unknown thread" [_thread_in_vm, id=28436, stack(0x000000d30e200000,0x000000d30e300000) (1024K)]

Stack: [0x000000d30e200000,0x000000d30e300000]
Native frames: (J=compiled Java code, j=interpreted, Vv=VM code, C=native code)
V  [jvm.dll+0x6e7c19]
V  [jvm.dll+0x8c5f53]
V  [jvm.dll+0x8c84ae]
V  [jvm.dll+0x8c8b93]
V  [jvm.dll+0x2899e6]
V  [jvm.dll+0xc0f17]
V  [jvm.dll+0x3345b5]
V  [jvm.dll+0x88d37d]
V  [jvm.dll+0x3cb218]
V  [jvm.dll+0x876408]
V  [jvm.dll+0x45ff5e]
V  [jvm.dll+0x461c41]
C  [jli.dll+0x52ab]
C  [ucrtbase.dll+0x37b0]
C  [KERNEL32.DLL+0x2e8d7]
C  [ntdll.dll+0x8c53c]


---------------  P R O C E S S  ---------------

Threads class SMR info:
_java_thread_list=0x00007ff9fed6d188, length=0, elements={
}

Java Threads: ( => current thread )
Total: 0

Other Threads:

=>0x000001f3d845f950 (exited) JavaThread "Unknown thread"    [_thread_in_vm, id=28436, stack(0x000000d30e200000,0x000000d30e300000) (1024K)]
Total: 1

Threads with active compile tasks:
Total: 0

VM state: not at safepoint (not fully initialized)

VM Mutex/Monitor currently owned by a thread: None

Heap address: 0x0000000000000000, size: 0 MB, Compressed Oops mode: 32-bit

CDS archive(s) mapped at: [0x0000000000000000-0x0000000000000000-0x0000000000000000), size 0, SharedBaseAddress: 0x0000000800000000, ArchiveRelocationMode: 1.
Narrow klass base: 0x0000000000000000, Narrow klass shift: 0, Narrow klass range: 0x0

GC Precious Log:
 CardTable entry size: 512
 Card Set container configuration: InlinePtr #cards 4 size 8 Array Of Cards #cards 16 size 48 Howl #buckets 8 coarsen threshold 3686 Howl Bitmap #cards 512 size 80 coarsen threshold 460 Card regions per heap region 1 cards per card region 4096

GC Heap History (0 events):
No events

Dll operation events (1 events):
Event: 0.008 Loaded shared library C:\Program Files\JetBrains\IntelliJ IDEA 2025.1.1.1\jbr\bin\java.dll

Deoptimization events (0 events):
No events

Classes loaded (0 events):
No events

Classes unloaded (0 events):
No events

Classes redefined (0 events):
No events

Internal exceptions (0 events):
No events

ZGC Phase Switch (0 events):
No events

VM Operations (0 events):
No events

Memory protections (0 events):
No events

Nmethod flushes (0 events):
No events

Events (0 events):
No events


Dynamic libraries:
0x00007ff6b6e80000 - 0x00007ff6b6e8a000 	C:\Program Files\JetBrains\IntelliJ IDEA 2025.1.1.1\jbr\bin\java.exe
0x00007ffa9ca20000 - 0x00007ffa9cc88000 	C:\WINDOWS\SYSTEM32\ntdll.dll
0x00007ffa9ad90000 - 0x00007ffa9ae59000 	C:\WINDOWS\System32\KERNEL32.DLL
0x00007ffa9a3f0000 - 0x00007ffa9a7e2000 	C:\WINDOWS\System32\KERNELBASE.dll
0x00007ffa9a2a0000 - 0x00007ffa9a3eb000 	C:\WINDOWS\System32\ucrtbase.dll
0x00007ffa88bf0000 - 0x00007ffa88c08000 	C:\Program Files\JetBrains\IntelliJ IDEA 2025.1.1.1\jbr\bin\jli.dll
0x00007ffa8a6a0000 - 0x00007ffa8a6bb000 	C:\Program Files\JetBrains\IntelliJ IDEA 2025.1.1.1\jbr\bin\VCRUNTIME140.dll
0x00007ffa9abc0000 - 0x00007ffa9ad85000 	C:\WINDOWS\System32\USER32.dll
0x00007ffa842a0000 - 0x00007ffa84533000 	C:\WINDOWS\WinSxS\amd64_microsoft.windows.common-controls_6595b64144ccf1df_6.0.26100.6899_none_3e0efeeae32e88c1\COMCTL32.dll
0x00007ffa9a0f0000 - 0x00007ffa9a117000 	C:\WINDOWS\System32\win32u.dll
0x00007ffa9a7f0000 - 0x00007ffa9a899000 	C:\WINDOWS\System32\msvcrt.dll
0x00007ffa9bdb0000 - 0x00007ffa9bddb000 	C:\WINDOWS\System32\GDI32.dll
0x00007ffa99dc0000 - 0x00007ffa99eed000 	C:\WINDOWS\System32\gdi32full.dll
0x00007ffa99c50000 - 0x00007ffa99cf3000 	C:\WINDOWS\System32\msvcp_win.dll
0x00007ffa9c580000 - 0x00007ffa9c5af000 	C:\WINDOWS\System32\IMM32.DLL
0x00007ffa8a690000 - 0x00007ffa8a69c000 	C:\Program Files\JetBrains\IntelliJ IDEA 2025.1.1.1\jbr\bin\vcruntime140_1.dll
0x00007ffa14eb0000 - 0x00007ffa14f3d000 	C:\Program Files\JetBrains\IntelliJ IDEA 2025.1.1.1\jbr\bin\msvcp140.dll
0x00007ff9fe110000 - 0x00007ff9feed4000 	C:\Program Files\JetBrains\IntelliJ IDEA 2025.1.1.1\jbr\bin\server\jvm.dll
0x00007ffa9c780000 - 0x00007ffa9c834000 	C:\WINDOWS\System32\ADVAPI32.dll
0x00007ffa9c5d0000 - 0x00007ffa9c676000 	C:\WINDOWS\System32\sechost.dll
0x00007ffa9bde0000 - 0x00007ffa9bef8000 	C:\WINDOWS\System32\RPCRT4.dll
0x00007ffa9b6f0000 - 0x00007ffa9b764000 	C:\WINDOWS\System32\WS2_32.dll
0x00007ffa99a10000 - 0x00007ffa99a6e000 	C:\WINDOWS\SYSTEM32\POWRPROF.dll
0x00007ffa8a740000 - 0x00007ffa8a775000 	C:\WINDOWS\SYSTEM32\WINMM.dll
0x00007ffa8f640000 - 0x00007ffa8f64b000 	C:\WINDOWS\SYSTEM32\VERSION.dll
0x00007ffa999f0000 - 0x00007ffa99a04000 	C:\WINDOWS\SYSTEM32\UMPDC.dll
0x00007ffa98940000 - 0x00007ffa9895b000 	C:\WINDOWS\SYSTEM32\kernel.appcore.dll
0x00007ffa88c40000 - 0x00007ffa88c4a000 	C:\Program Files\JetBrains\IntelliJ IDEA 2025.1.1.1\jbr\bin\jimage.dll
0x00007ffa859c0000 - 0x00007ffa85c02000 	C:\WINDOWS\SYSTEM32\DBGHELP.DLL
0x00007ffa9b8f0000 - 0x00007ffa9bc6b000 	C:\WINDOWS\System32\combase.dll
0x00007ffa9bcd0000 - 0x00007ffa9bda7000 	C:\WINDOWS\System32\OLEAUT32.dll
0x00007ffa84540000 - 0x00007ffa8457c000 	C:\WINDOWS\SYSTEM32\dbgcore.DLL
0x00007ffa99bb0000 - 0x00007ffa99c48000 	C:\WINDOWS\System32\bcryptPrimitives.dll
0x00007ffa88c10000 - 0x00007ffa88c30000 	C:\Program Files\JetBrains\IntelliJ IDEA 2025.1.1.1\jbr\bin\java.dll

dbghelp: loaded successfully - version: 4.0.5 - missing functions: none
symbol engine: initialized successfully - sym options: 0x614 - pdb path: .;C:\Program Files\JetBrains\IntelliJ IDEA 2025.1.1.1\jbr\bin;C:\WINDOWS\SYSTEM32;C:\WINDOWS\WinSxS\amd64_microsoft.windows.common-controls_6595b64144ccf1df_6.0.26100.6899_none_3e0efeeae32e88c1;C:\Program Files\JetBrains\IntelliJ IDEA 2025.1.1.1\jbr\bin\server

VM Arguments:
java_command: git4idea.http.GitAskPassApp Username for 'https://github.com': 
java_class_path (initial): C:/Program Files/JetBrains/IntelliJ IDEA 2025.1.1.1/plugins/vcs-git/lib/git4idea-rt.jar;C:/Program Files/JetBrains/IntelliJ IDEA 2025.1.1.1/lib/externalProcess-rt.jar
Launcher Type: SUN_STANDARD

[Global flags]
     intx CICompilerCount                          = 4                                         {product} {ergonomic}
     uint ConcGCThreads                            = 3                                         {product} {ergonomic}
     uint G1ConcRefinementThreads                  = 10                                        {product} {ergonomic}
   size_t G1HeapRegionSize                         = 2097152                                   {product} {ergonomic}
    uintx GCDrainStackTargetSize                   = 64                                        {product} {ergonomic}
   size_t InitialHeapSize                          = 266338304                                 {product} {ergonomic}
   size_t MarkStackSize                            = 4194304                                   {product} {ergonomic}
   size_t MaxHeapSize                              = 4248829952                                {product} {ergonomic}
   size_t MinHeapDeltaBytes                        = 2097152                                   {product} {ergonomic}
   size_t MinHeapSize                              = 8388608                                   {product} {ergonomic}
    uintx NonNMethodCodeHeapSize                   = 5839372                                {pd product} {ergonomic}
    uintx NonProfiledCodeHeapSize                  = 122909434                              {pd product} {ergonomic}
    uintx ProfiledCodeHeapSize                     = 122909434                              {pd product} {ergonomic}
    uintx ReservedCodeCacheSize                    = 251658240                              {pd product} {ergonomic}
     bool SegmentedCodeCache                       = true                                      {product} {ergonomic}
   size_t SoftMaxHeapSize                          = 4248829952                             {manageable} {ergonomic}
     bool UseCompressedOops                        = true                           {product lp64_product} {ergonomic}
     bool UseG1GC                                  = true                                      {product} {ergonomic}
     bool UseLargePagesIndividualAllocation        = false                                  {pd product} {ergonomic}

Logging:
Log output configuration:
 #0: stdout all=warning uptime,level,tags foldmultilines=false
 #1: stderr all=off uptime,level,tags foldmultilines=false

Environment Variables:
JAVA_HOME=C:\Users\hello\.jdks\ms-17.0.16
PATH=C:\Program Files\Git\mingw64\libexec\git-core;C:\Program Files\Git\mingw64\libexec\git-core;C:\Program Files\Git\mingw64\bin;C:\Program Files\Git\usr\bin;C:\Users\hello\bin;C:\WINDOWS\system32;C:\WINDOWS;C:\WINDOWS\System32\Wbem;C:\WINDOWS\System32\WindowsPowerShell\v1.0;C:\WINDOWS\System32\OpenSSH;%IntelliJ IDEA%;C:\Program Files\MySQL\MySQL Server 5.7\bin;C:\Program Files\nodejs;C:\Users\hello\.jdks\ms-17.0.16\bin;C:\Program Files\Git\cmd;C:\Program Files\Redis;D:\study\微信web开发者工具\dll;E:\study\heimacangqiongwaimai\ziliao\ziliao\day06\微信web开发者工具\dll;E:\study\apache-maven-3.9.11\bin;C:\Program Files\Eclipse Adoptium\jdk-8.0.462.8-hotspot\bin;C:\Users\hello\AppData\Local\Microsoft\WindowsApps;C:\Users\hello\.jdks\ms-17.0.16\bin;C:\Program Files\JetBrains\IntelliJ IDEA 2025.1.1.1\bin;C:\Program Files\MySQL\MySQL Server 5.7\bin;C:\Users\hello\AppData\Roaming\npm;D:\study\Microsoft VS Code\bin;C:\Users\hello\.jdks\ms-17.0.16\bin;C:\Program Files\Redis;D:\study;C:\Program Files\Eclipse Adoptium\jdk-8.0.462.8-hotspot\bin;E:\study\apache-maven-3.9.11\bin
USERNAME=hello
DISPLAY=:0.0
LC_ALL=en_US.UTF-8
TERM=xterm-256color
TMPDIR=C:\Users\hello\AppData\Local\Temp
OS=Windows_NT
PROCESSOR_IDENTIFIER=Intel64 Family 6 Model 165 Stepping 2, GenuineIntel
TMP=C:\Users\hello\AppData\Local\Temp
TEMP=C:\Users\hello\AppData\Local\Temp




Periodic native trim disabled

JNI global refs:
JNI global refs: 0, weak refs: 0

JNI global refs memory usage: 0, weak refs: 0

Process memory usage:
Resident Set Size: 12100K (0% of 16596340K total physical memory with 1939528K free physical memory)

OOME stack traces (most recent first):
Classloader memory used:

---------------  S Y S T E M  ---------------

OS:
 Windows 11 , 64 bit Build 26100 (10.0.26100.6725)
OS uptime: 16 days 17:24 hours
Hyper-V role detected

CPU: total 12 (initial active 12) (6 cores per cpu, 2 threads per core) family 6 model 165 stepping 2 microcode 0xe0, cx8, cmov, fxsr, ht, mmx, 3dnowpref, sse, sse2, sse3, ssse3, sse4.1, sse4.2, popcnt, lzcnt, tsc, tscinvbit, avx, avx2, aes, erms, clmul, bmi1, bmi2, adx, fma, vzeroupper, clflush, clflushopt, hv, rdtscp, f16c
Processor Information for the first 12 processors :
  Max Mhz: 2592, Current Mhz: 2592, Mhz Limit: 2592

Memory: 4k page, system-wide physical 16207M (1894M free)
TotalPageFile size 31468M (AvailPageFile size 11M)
current process WorkingSet (physical memory assigned to process): 11M, peak: 11M
current process commit charge ("private bytes"): 12M, peak: 13M

vm_info: OpenJDK 64-Bit Server VM (21.0.7+6-b1038.58) for windows-amd64 JRE (21.0.7+6-b1038.58), built on 2025-07-07 by "builduser" with MS VC++ 16.10 / 16.11 (VS2019)

END.
